15:47:38.385 default [main] INFO  com.grace.granos.GranosApplication - Starting GranosApplication using Java 17.0.3 with PID 24376 (D:\git\repository\Granos\target\classes started by Cheney in D:\git\repository\Granos)
15:47:38.391 default [main] INFO  com.grace.granos.GranosApplication - No active profile set, falling back to 1 default profile: "default"
15:47:41.403 default [main] INFO  o.s.b.w.e.tomcat.TomcatWebServer - Tomcat initialized with port(s): 9001 (http)
15:47:41.426 default [main] INFO  o.a.coyote.http11.Http11NioProtocol - Initializing ProtocolHandler ["http-nio-9001"]
15:47:41.431 default [main] INFO  o.a.catalina.core.StandardService - Starting service [Tomcat]
15:47:41.432 default [main] INFO  o.a.catalina.core.StandardEngine - Starting Servlet engine: [Apache Tomcat/10.1.5]
15:47:41.675 default [main] INFO  o.a.c.c.C.[Tomcat].[localhost].[/] - Initializing Spring embedded WebApplicationContext
15:47:41.676 default [main] INFO  o.s.b.w.s.c.ServletWebServerApplicationContext - Root WebApplicationContext: initialization completed in 3164 ms
15:47:42.833 default [main] INFO  o.s.b.a.w.s.WelcomePageHandlerMapping - Adding welcome page template: index
15:47:43.337 default [main] INFO  o.a.coyote.http11.Http11NioProtocol - Starting ProtocolHandler ["http-nio-9001"]
15:47:43.453 default [main] INFO  o.s.b.w.e.tomcat.TomcatWebServer - Tomcat started on port(s): 9001 (http) with context path ''
15:47:43.489 default [main] INFO  com.grace.granos.GranosApplication - Started GranosApplication in 5.982 seconds (process running for 7.383)
15:47:43.631 default [http-nio-9001-exec-1] INFO  o.a.c.c.C.[Tomcat].[localhost].[/] - Initializing Spring DispatcherServlet 'dispatcherServlet'
15:47:43.632 default [http-nio-9001-exec-1] INFO  o.s.web.servlet.DispatcherServlet - Initializing Servlet 'dispatcherServlet'
15:47:43.635 default [http-nio-9001-exec-1] INFO  o.s.web.servlet.DispatcherServlet - Completed initialization in 2 ms
15:47:43.853 default [http-nio-9001-exec-1] INFO  com.grace.granos.controller.Home - welcome!!!
15:55:41.880 default [main] INFO  com.grace.granos.GranosApplication - Starting GranosApplication using Java 17.0.3 with PID 31236 (D:\git\repository\Granos\target\classes started by Cheney in D:\git\repository\Granos)
15:55:41.888 default [main] INFO  com.grace.granos.GranosApplication - No active profile set, falling back to 1 default profile: "default"
15:55:44.890 default [main] INFO  o.s.b.w.e.tomcat.TomcatWebServer - Tomcat initialized with port(s): 9001 (http)
15:55:44.914 default [main] INFO  o.a.coyote.http11.Http11NioProtocol - Initializing ProtocolHandler ["http-nio-9001"]
15:55:44.916 default [main] INFO  o.a.catalina.core.StandardService - Starting service [Tomcat]
15:55:44.917 default [main] INFO  o.a.catalina.core.StandardEngine - Starting Servlet engine: [Apache Tomcat/10.1.5]
15:55:45.236 default [main] INFO  o.a.c.c.C.[Tomcat].[localhost].[/] - Initializing Spring embedded WebApplicationContext
15:55:45.238 default [main] INFO  o.s.b.w.s.c.ServletWebServerApplicationContext - Root WebApplicationContext: initialization completed in 3220 ms
15:55:46.431 default [main] INFO  o.s.b.a.w.s.WelcomePageHandlerMapping - Adding welcome page template: index
15:55:47.036 default [main] INFO  o.a.coyote.http11.Http11NioProtocol - Starting ProtocolHandler ["http-nio-9001"]
15:55:47.125 default [main] INFO  o.s.b.w.e.tomcat.TomcatWebServer - Tomcat started on port(s): 9001 (http) with context path ''
15:55:47.159 default [main] INFO  com.grace.granos.GranosApplication - Started GranosApplication in 6.137 seconds (process running for 7.644)
15:55:47.386 default [http-nio-9001-exec-1] INFO  o.a.c.c.C.[Tomcat].[localhost].[/] - Initializing Spring DispatcherServlet 'dispatcherServlet'
15:55:47.386 default [http-nio-9001-exec-1] INFO  o.s.web.servlet.DispatcherServlet - Initializing Servlet 'dispatcherServlet'
15:55:47.388 default [http-nio-9001-exec-1] INFO  o.s.web.servlet.DispatcherServlet - Completed initialization in 2 ms
15:55:47.554 default [http-nio-9001-exec-1] INFO  com.grace.granos.controller.Home - welcome!!!
15:56:49.125 default [main] INFO  com.grace.granos.GranosApplication - Starting GranosApplication using Java 17.0.3 with PID 27496 (D:\git\repository\Granos\target\classes started by Cheney in D:\git\repository\Granos)
15:56:49.135 default [main] INFO  com.grace.granos.GranosApplication - No active profile set, falling back to 1 default profile: "default"
15:56:52.171 default [main] INFO  o.s.b.w.e.tomcat.TomcatWebServer - Tomcat initialized with port(s): 9001 (http)
15:56:52.196 default [main] INFO  o.a.coyote.http11.Http11NioProtocol - Initializing ProtocolHandler ["http-nio-9001"]
15:56:52.199 default [main] INFO  o.a.catalina.core.StandardService - Starting service [Tomcat]
15:56:52.200 default [main] INFO  o.a.catalina.core.StandardEngine - Starting Servlet engine: [Apache Tomcat/10.1.5]
15:56:52.498 default [main] INFO  o.a.c.c.C.[Tomcat].[localhost].[/] - Initializing Spring embedded WebApplicationContext
15:56:52.523 default [main] INFO  o.s.b.w.s.c.ServletWebServerApplicationContext - Root WebApplicationContext: initialization completed in 3250 ms
15:56:53.572 default [main] INFO  o.s.b.a.w.s.WelcomePageHandlerMapping - Adding welcome page template: index
15:56:54.274 default [main] INFO  o.a.coyote.http11.Http11NioProtocol - Starting ProtocolHandler ["http-nio-9001"]
15:56:54.362 default [main] INFO  o.s.b.w.e.tomcat.TomcatWebServer - Tomcat started on port(s): 9001 (http) with context path ''
15:56:54.387 default [main] INFO  com.grace.granos.GranosApplication - Started GranosApplication in 6.088 seconds (process running for 7.467)
15:57:01.912 default [http-nio-9001-exec-1] INFO  o.a.c.c.C.[Tomcat].[localhost].[/] - Initializing Spring DispatcherServlet 'dispatcherServlet'
15:57:01.913 default [http-nio-9001-exec-1] INFO  o.s.web.servlet.DispatcherServlet - Initializing Servlet 'dispatcherServlet'
15:57:01.916 default [http-nio-9001-exec-1] INFO  o.s.web.servlet.DispatcherServlet - Completed initialization in 3 ms
15:57:02.146 default [http-nio-9001-exec-1] INFO  com.grace.granos.controller.Home - welcome!!!
