14:34:10.449 default [RMI TCP Connection(7)-127.0.0.1] WARN  o.a.c.loader.WebappClassLoaderBase - The web application [ROOT] appears to have started a thread named [HikariPool-1 housekeeper] but has failed to stop it. This is very likely to create a memory leak. Stack trace of thread:
 java.base@17.0.3/jdk.internal.misc.Unsafe.park(Native Method)
 java.base@17.0.3/java.util.concurrent.locks.LockSupport.parkNanos(LockSupport.java:252)
 java.base@17.0.3/java.util.concurrent.locks.AbstractQueuedSynchronizer$ConditionObject.awaitNanos(AbstractQueuedSynchronizer.java:1672)
 java.base@17.0.3/java.util.concurrent.ScheduledThreadPoolExecutor$DelayedWorkQueue.take(ScheduledThreadPoolExecutor.java:1182)
 java.base@17.0.3/java.util.concurrent.ScheduledThreadPoolExecutor$DelayedWorkQueue.take(ScheduledThreadPoolExecutor.java:899)
 java.base@17.0.3/java.util.concurrent.ThreadPoolExecutor.getTask(ThreadPoolExecutor.java:1062)
 java.base@17.0.3/java.util.concurrent.ThreadPoolExecutor.runWorker(ThreadPoolExecutor.java:1122)
 java.base@17.0.3/java.util.concurrent.ThreadPoolExecutor$Worker.run(ThreadPoolExecutor.java:635)
 java.base@17.0.3/java.lang.Thread.run(Thread.java:833)
14:47:20.701 default [RMI TCP Connection(15)-127.0.0.1] WARN  o.a.c.loader.WebappClassLoaderBase - The web application [ROOT] appears to have started a thread named [HikariPool-1 housekeeper] but has failed to stop it. This is very likely to create a memory leak. Stack trace of thread:
 java.base@17.0.3/jdk.internal.misc.Unsafe.park(Native Method)
 java.base@17.0.3/java.util.concurrent.locks.LockSupport.parkNanos(LockSupport.java:252)
 java.base@17.0.3/java.util.concurrent.locks.AbstractQueuedSynchronizer$ConditionObject.awaitNanos(AbstractQueuedSynchronizer.java:1672)
 java.base@17.0.3/java.util.concurrent.ScheduledThreadPoolExecutor$DelayedWorkQueue.take(ScheduledThreadPoolExecutor.java:1182)
 java.base@17.0.3/java.util.concurrent.ScheduledThreadPoolExecutor$DelayedWorkQueue.take(ScheduledThreadPoolExecutor.java:899)
 java.base@17.0.3/java.util.concurrent.ThreadPoolExecutor.getTask(ThreadPoolExecutor.java:1062)
 java.base@17.0.3/java.util.concurrent.ThreadPoolExecutor.runWorker(ThreadPoolExecutor.java:1122)
 java.base@17.0.3/java.util.concurrent.ThreadPoolExecutor$Worker.run(ThreadPoolExecutor.java:635)
 java.base@17.0.3/java.lang.Thread.run(Thread.java:833)
15:23:57.632 default [RMI TCP Connection(34)-127.0.0.1] WARN  o.a.c.loader.WebappClassLoaderBase - The web application [ROOT] appears to have started a thread named [HikariPool-1 housekeeper] but has failed to stop it. This is very likely to create a memory leak. Stack trace of thread:
 java.base@17.0.3/jdk.internal.misc.Unsafe.park(Native Method)
 java.base@17.0.3/java.util.concurrent.locks.LockSupport.parkNanos(LockSupport.java:252)
 java.base@17.0.3/java.util.concurrent.locks.AbstractQueuedSynchronizer$ConditionObject.awaitNanos(AbstractQueuedSynchronizer.java:1672)
 java.base@17.0.3/java.util.concurrent.ScheduledThreadPoolExecutor$DelayedWorkQueue.take(ScheduledThreadPoolExecutor.java:1182)
 java.base@17.0.3/java.util.concurrent.ScheduledThreadPoolExecutor$DelayedWorkQueue.take(ScheduledThreadPoolExecutor.java:899)
 java.base@17.0.3/java.util.concurrent.ThreadPoolExecutor.getTask(ThreadPoolExecutor.java:1062)
 java.base@17.0.3/java.util.concurrent.ThreadPoolExecutor.runWorker(ThreadPoolExecutor.java:1122)
 java.base@17.0.3/java.util.concurrent.ThreadPoolExecutor$Worker.run(ThreadPoolExecutor.java:635)
 java.base@17.0.3/java.lang.Thread.run(Thread.java:833)
15:25:26.663 default [RMI TCP Connection(5)-127.0.0.1] WARN  o.a.c.loader.WebappClassLoaderBase - The web application [ROOT] appears to have started a thread named [HikariPool-1 housekeeper] but has failed to stop it. This is very likely to create a memory leak. Stack trace of thread:
 java.base@17.0.3/jdk.internal.misc.Unsafe.park(Native Method)
 java.base@17.0.3/java.util.concurrent.locks.LockSupport.parkNanos(LockSupport.java:252)
 java.base@17.0.3/java.util.concurrent.locks.AbstractQueuedSynchronizer$ConditionObject.awaitNanos(AbstractQueuedSynchronizer.java:1672)
 java.base@17.0.3/java.util.concurrent.ScheduledThreadPoolExecutor$DelayedWorkQueue.take(ScheduledThreadPoolExecutor.java:1182)
 java.base@17.0.3/java.util.concurrent.ScheduledThreadPoolExecutor$DelayedWorkQueue.take(ScheduledThreadPoolExecutor.java:899)
 java.base@17.0.3/java.util.concurrent.ThreadPoolExecutor.getTask(ThreadPoolExecutor.java:1062)
 java.base@17.0.3/java.util.concurrent.ThreadPoolExecutor.runWorker(ThreadPoolExecutor.java:1122)
 java.base@17.0.3/java.util.concurrent.ThreadPoolExecutor$Worker.run(ThreadPoolExecutor.java:635)
 java.base@17.0.3/java.lang.Thread.run(Thread.java:833)
15:25:59.753 default [RMI TCP Connection(2)-127.0.0.1] WARN  o.a.c.loader.WebappClassLoaderBase - The web application [ROOT] appears to have started a thread named [HikariPool-1 housekeeper] but has failed to stop it. This is very likely to create a memory leak. Stack trace of thread:
 java.base@17.0.3/jdk.internal.misc.Unsafe.park(Native Method)
 java.base@17.0.3/java.util.concurrent.locks.LockSupport.parkNanos(LockSupport.java:252)
 java.base@17.0.3/java.util.concurrent.locks.AbstractQueuedSynchronizer$ConditionObject.awaitNanos(AbstractQueuedSynchronizer.java:1672)
 java.base@17.0.3/java.util.concurrent.ScheduledThreadPoolExecutor$DelayedWorkQueue.take(ScheduledThreadPoolExecutor.java:1182)
 java.base@17.0.3/java.util.concurrent.ScheduledThreadPoolExecutor$DelayedWorkQueue.take(ScheduledThreadPoolExecutor.java:899)
 java.base@17.0.3/java.util.concurrent.ThreadPoolExecutor.getTask(ThreadPoolExecutor.java:1062)
 java.base@17.0.3/java.util.concurrent.ThreadPoolExecutor.runWorker(ThreadPoolExecutor.java:1122)
 java.base@17.0.3/java.util.concurrent.ThreadPoolExecutor$Worker.run(ThreadPoolExecutor.java:635)
 java.base@17.0.3/java.lang.Thread.run(Thread.java:833)
15:26:55.214 default [RMI TCP Connection(4)-127.0.0.1] WARN  o.a.c.loader.WebappClassLoaderBase - The web application [ROOT] appears to have started a thread named [HikariPool-1 housekeeper] but has failed to stop it. This is very likely to create a memory leak. Stack trace of thread:
 java.base@17.0.3/jdk.internal.misc.Unsafe.park(Native Method)
 java.base@17.0.3/java.util.concurrent.locks.LockSupport.parkNanos(LockSupport.java:252)
 java.base@17.0.3/java.util.concurrent.locks.AbstractQueuedSynchronizer$ConditionObject.awaitNanos(AbstractQueuedSynchronizer.java:1672)
 java.base@17.0.3/java.util.concurrent.ScheduledThreadPoolExecutor$DelayedWorkQueue.take(ScheduledThreadPoolExecutor.java:1182)
 java.base@17.0.3/java.util.concurrent.ScheduledThreadPoolExecutor$DelayedWorkQueue.take(ScheduledThreadPoolExecutor.java:899)
 java.base@17.0.3/java.util.concurrent.ThreadPoolExecutor.getTask(ThreadPoolExecutor.java:1062)
 java.base@17.0.3/java.util.concurrent.ThreadPoolExecutor.runWorker(ThreadPoolExecutor.java:1122)
 java.base@17.0.3/java.util.concurrent.ThreadPoolExecutor$Worker.run(ThreadPoolExecutor.java:635)
 java.base@17.0.3/java.lang.Thread.run(Thread.java:833)
16:17:47.372 default [RMI TCP Connection(55)-127.0.0.1] WARN  o.a.c.loader.WebappClassLoaderBase - The web application [ROOT] appears to have started a thread named [HikariPool-1 housekeeper] but has failed to stop it. This is very likely to create a memory leak. Stack trace of thread:
 java.base@17.0.3/jdk.internal.misc.Unsafe.park(Native Method)
 java.base@17.0.3/java.util.concurrent.locks.LockSupport.parkNanos(LockSupport.java:252)
 java.base@17.0.3/java.util.concurrent.locks.AbstractQueuedSynchronizer$ConditionObject.awaitNanos(AbstractQueuedSynchronizer.java:1672)
 java.base@17.0.3/java.util.concurrent.ScheduledThreadPoolExecutor$DelayedWorkQueue.take(ScheduledThreadPoolExecutor.java:1182)
 java.base@17.0.3/java.util.concurrent.ScheduledThreadPoolExecutor$DelayedWorkQueue.take(ScheduledThreadPoolExecutor.java:899)
 java.base@17.0.3/java.util.concurrent.ThreadPoolExecutor.getTask(ThreadPoolExecutor.java:1062)
 java.base@17.0.3/java.util.concurrent.ThreadPoolExecutor.runWorker(ThreadPoolExecutor.java:1122)
 java.base@17.0.3/java.util.concurrent.ThreadPoolExecutor$Worker.run(ThreadPoolExecutor.java:635)
 java.base@17.0.3/java.lang.Thread.run(Thread.java:833)
16:20:00.203 default [RMI TCP Connection(4)-127.0.0.1] WARN  o.a.c.loader.WebappClassLoaderBase - The web application [ROOT] appears to have started a thread named [HikariPool-1 housekeeper] but has failed to stop it. This is very likely to create a memory leak. Stack trace of thread:
 java.base@17.0.3/jdk.internal.misc.Unsafe.park(Native Method)
 java.base@17.0.3/java.util.concurrent.locks.LockSupport.parkNanos(LockSupport.java:252)
 java.base@17.0.3/java.util.concurrent.locks.AbstractQueuedSynchronizer$ConditionObject.awaitNanos(AbstractQueuedSynchronizer.java:1672)
 java.base@17.0.3/java.util.concurrent.ScheduledThreadPoolExecutor$DelayedWorkQueue.take(ScheduledThreadPoolExecutor.java:1182)
 java.base@17.0.3/java.util.concurrent.ScheduledThreadPoolExecutor$DelayedWorkQueue.take(ScheduledThreadPoolExecutor.java:899)
 java.base@17.0.3/java.util.concurrent.ThreadPoolExecutor.getTask(ThreadPoolExecutor.java:1062)
 java.base@17.0.3/java.util.concurrent.ThreadPoolExecutor.runWorker(ThreadPoolExecutor.java:1122)
 java.base@17.0.3/java.util.concurrent.ThreadPoolExecutor$Worker.run(ThreadPoolExecutor.java:635)
 java.base@17.0.3/java.lang.Thread.run(Thread.java:833)
16:20:52.790 default [RMI TCP Connection(4)-127.0.0.1] WARN  o.a.c.loader.WebappClassLoaderBase - The web application [ROOT] appears to have started a thread named [HikariPool-1 housekeeper] but has failed to stop it. This is very likely to create a memory leak. Stack trace of thread:
 java.base@17.0.3/jdk.internal.misc.Unsafe.park(Native Method)
 java.base@17.0.3/java.util.concurrent.locks.LockSupport.parkNanos(LockSupport.java:252)
 java.base@17.0.3/java.util.concurrent.locks.AbstractQueuedSynchronizer$ConditionObject.awaitNanos(AbstractQueuedSynchronizer.java:1672)
 java.base@17.0.3/java.util.concurrent.ScheduledThreadPoolExecutor$DelayedWorkQueue.take(ScheduledThreadPoolExecutor.java:1182)
 java.base@17.0.3/java.util.concurrent.ScheduledThreadPoolExecutor$DelayedWorkQueue.take(ScheduledThreadPoolExecutor.java:899)
 java.base@17.0.3/java.util.concurrent.ThreadPoolExecutor.getTask(ThreadPoolExecutor.java:1062)
 java.base@17.0.3/java.util.concurrent.ThreadPoolExecutor.runWorker(ThreadPoolExecutor.java:1122)
 java.base@17.0.3/java.util.concurrent.ThreadPoolExecutor$Worker.run(ThreadPoolExecutor.java:635)
 java.base@17.0.3/java.lang.Thread.run(Thread.java:833)
16:22:49.375 default [RMI TCP Connection(3)-127.0.0.1] WARN  o.a.c.loader.WebappClassLoaderBase - The web application [ROOT] appears to have started a thread named [HikariPool-1 housekeeper] but has failed to stop it. This is very likely to create a memory leak. Stack trace of thread:
 java.base@17.0.3/jdk.internal.misc.Unsafe.park(Native Method)
 java.base@17.0.3/java.util.concurrent.locks.LockSupport.parkNanos(LockSupport.java:252)
 java.base@17.0.3/java.util.concurrent.locks.AbstractQueuedSynchronizer$ConditionObject.awaitNanos(AbstractQueuedSynchronizer.java:1672)
 java.base@17.0.3/java.util.concurrent.ScheduledThreadPoolExecutor$DelayedWorkQueue.take(ScheduledThreadPoolExecutor.java:1182)
 java.base@17.0.3/java.util.concurrent.ScheduledThreadPoolExecutor$DelayedWorkQueue.take(ScheduledThreadPoolExecutor.java:899)
 java.base@17.0.3/java.util.concurrent.ThreadPoolExecutor.getTask(ThreadPoolExecutor.java:1062)
 java.base@17.0.3/java.util.concurrent.ThreadPoolExecutor.runWorker(ThreadPoolExecutor.java:1122)
 java.base@17.0.3/java.util.concurrent.ThreadPoolExecutor$Worker.run(ThreadPoolExecutor.java:635)
 java.base@17.0.3/java.lang.Thread.run(Thread.java:833)
16:24:24.562 default [RMI TCP Connection(4)-127.0.0.1] WARN  o.a.c.loader.WebappClassLoaderBase - The web application [ROOT] appears to have started a thread named [HikariPool-1 housekeeper] but has failed to stop it. This is very likely to create a memory leak. Stack trace of thread:
 java.base@17.0.3/jdk.internal.misc.Unsafe.park(Native Method)
 java.base@17.0.3/java.util.concurrent.locks.LockSupport.parkNanos(LockSupport.java:252)
 java.base@17.0.3/java.util.concurrent.locks.AbstractQueuedSynchronizer$ConditionObject.awaitNanos(AbstractQueuedSynchronizer.java:1672)
 java.base@17.0.3/java.util.concurrent.ScheduledThreadPoolExecutor$DelayedWorkQueue.take(ScheduledThreadPoolExecutor.java:1182)
 java.base@17.0.3/java.util.concurrent.ScheduledThreadPoolExecutor$DelayedWorkQueue.take(ScheduledThreadPoolExecutor.java:899)
 java.base@17.0.3/java.util.concurrent.ThreadPoolExecutor.getTask(ThreadPoolExecutor.java:1062)
 java.base@17.0.3/java.util.concurrent.ThreadPoolExecutor.runWorker(ThreadPoolExecutor.java:1122)
 java.base@17.0.3/java.util.concurrent.ThreadPoolExecutor$Worker.run(ThreadPoolExecutor.java:635)
 java.base@17.0.3/java.lang.Thread.run(Thread.java:833)
16:26:59.335 default [RMI TCP Connection(3)-127.0.0.1] WARN  o.a.c.loader.WebappClassLoaderBase - The web application [ROOT] appears to have started a thread named [HikariPool-1 housekeeper] but has failed to stop it. This is very likely to create a memory leak. Stack trace of thread:
 java.base@17.0.3/jdk.internal.misc.Unsafe.park(Native Method)
 java.base@17.0.3/java.util.concurrent.locks.LockSupport.parkNanos(LockSupport.java:252)
 java.base@17.0.3/java.util.concurrent.locks.AbstractQueuedSynchronizer$ConditionObject.awaitNanos(AbstractQueuedSynchronizer.java:1672)
 java.base@17.0.3/java.util.concurrent.ScheduledThreadPoolExecutor$DelayedWorkQueue.take(ScheduledThreadPoolExecutor.java:1182)
 java.base@17.0.3/java.util.concurrent.ScheduledThreadPoolExecutor$DelayedWorkQueue.take(ScheduledThreadPoolExecutor.java:899)
 java.base@17.0.3/java.util.concurrent.ThreadPoolExecutor.getTask(ThreadPoolExecutor.java:1062)
 java.base@17.0.3/java.util.concurrent.ThreadPoolExecutor.runWorker(ThreadPoolExecutor.java:1122)
 java.base@17.0.3/java.util.concurrent.ThreadPoolExecutor$Worker.run(ThreadPoolExecutor.java:635)
 java.base@17.0.3/java.lang.Thread.run(Thread.java:833)
16:27:29.797 default [http-nio-9001-exec-1] ERROR c.g.granos.service.AttendanceService - [com.grace.granos.model.HolidaysModel@88edf20, com.grace.granos.model.HolidaysModel@48a5ff56, com.grace.granos.model.HolidaysModel@6c69531f, com.grace.granos.model.HolidaysModel@4f7c930e, com.grace.granos.model.HolidaysModel@3175321e, com.grace.granos.model.HolidaysModel@564d2429, com.grace.granos.model.HolidaysModel@709a7454, com.grace.granos.model.HolidaysModel@5bd57daa, com.grace.granos.model.HolidaysModel@43a8410c, com.grace.granos.model.HolidaysModel@7cfb493c, com.grace.granos.model.HolidaysModel@5f60aa23, com.grace.granos.model.HolidaysModel@2f28a448, com.grace.granos.model.HolidaysModel@2e893080, com.grace.granos.model.HolidaysModel@89d3ec4]
16:27:57.403 default [RMI TCP Connection(4)-127.0.0.1] WARN  o.a.c.loader.WebappClassLoaderBase - The web application [ROOT] appears to have started a thread named [HikariPool-1 housekeeper] but has failed to stop it. This is very likely to create a memory leak. Stack trace of thread:
 java.base@17.0.3/jdk.internal.misc.Unsafe.park(Native Method)
 java.base@17.0.3/java.util.concurrent.locks.LockSupport.parkNanos(LockSupport.java:252)
 java.base@17.0.3/java.util.concurrent.locks.AbstractQueuedSynchronizer$ConditionObject.awaitNanos(AbstractQueuedSynchronizer.java:1672)
 java.base@17.0.3/java.util.concurrent.ScheduledThreadPoolExecutor$DelayedWorkQueue.take(ScheduledThreadPoolExecutor.java:1182)
 java.base@17.0.3/java.util.concurrent.ScheduledThreadPoolExecutor$DelayedWorkQueue.take(ScheduledThreadPoolExecutor.java:899)
 java.base@17.0.3/java.util.concurrent.ThreadPoolExecutor.getTask(ThreadPoolExecutor.java:1062)
 java.base@17.0.3/java.util.concurrent.ThreadPoolExecutor.runWorker(ThreadPoolExecutor.java:1122)
 java.base@17.0.3/java.util.concurrent.ThreadPoolExecutor$Worker.run(ThreadPoolExecutor.java:635)
 java.base@17.0.3/java.lang.Thread.run(Thread.java:833)
16:28:45.946 default [http-nio-9001-exec-1] ERROR c.g.granos.service.AttendanceService - Optional[com.grace.granos.model.HolidaysModel@7cfb493c]
16:28:46.057 default [http-nio-9001-exec-1] ERROR c.g.granos.service.AttendanceService - Optional.empty
16:28:46.061 default [http-nio-9001-exec-1] ERROR c.g.granos.service.AttendanceService - Optional.empty
16:28:46.064 default [http-nio-9001-exec-1] ERROR c.g.granos.service.AttendanceService - Optional.empty
16:28:46.072 default [http-nio-9001-exec-1] ERROR c.g.granos.service.AttendanceService - Optional.empty
16:28:46.075 default [http-nio-9001-exec-1] ERROR c.g.granos.service.AttendanceService - Optional.empty
16:28:46.079 default [http-nio-9001-exec-1] ERROR c.g.granos.service.AttendanceService - Optional.empty
16:28:46.080 default [http-nio-9001-exec-1] ERROR c.g.granos.service.AttendanceService - Optional.empty
16:28:46.084 default [http-nio-9001-exec-1] ERROR c.g.granos.service.AttendanceService - Optional.empty
16:28:46.090 default [http-nio-9001-exec-1] ERROR c.g.granos.service.AttendanceService - Optional.empty
16:28:46.093 default [http-nio-9001-exec-1] ERROR c.g.granos.service.AttendanceService - Optional.empty
16:28:46.095 default [http-nio-9001-exec-1] ERROR c.g.granos.service.AttendanceService - Optional.empty
16:28:46.099 default [http-nio-9001-exec-1] ERROR c.g.granos.service.AttendanceService - Optional.empty
16:28:46.103 default [http-nio-9001-exec-1] ERROR c.g.granos.service.AttendanceService - Optional.empty
16:28:46.106 default [http-nio-9001-exec-1] ERROR c.g.granos.service.AttendanceService - Optional.empty
16:28:46.110 default [http-nio-9001-exec-1] ERROR c.g.granos.service.AttendanceService - Optional.empty
16:28:46.114 default [http-nio-9001-exec-1] ERROR c.g.granos.service.AttendanceService - Optional.empty
16:28:46.117 default [http-nio-9001-exec-1] ERROR c.g.granos.service.AttendanceService - Optional.empty
16:28:46.118 default [http-nio-9001-exec-1] ERROR c.g.granos.service.AttendanceService - Optional.empty
16:28:46.121 default [http-nio-9001-exec-1] ERROR c.g.granos.service.AttendanceService - Optional.empty
16:28:46.125 default [http-nio-9001-exec-1] ERROR c.g.granos.service.AttendanceService - Optional.empty
16:28:46.128 default [http-nio-9001-exec-1] ERROR c.g.granos.service.AttendanceService - Optional.empty
16:28:46.132 default [http-nio-9001-exec-1] ERROR c.g.granos.service.AttendanceService - Optional.empty
16:28:46.135 default [http-nio-9001-exec-1] ERROR c.g.granos.service.AttendanceService - Optional.empty
16:28:46.139 default [http-nio-9001-exec-1] ERROR c.g.granos.service.AttendanceService - Optional.empty
16:28:46.140 default [http-nio-9001-exec-1] ERROR c.g.granos.service.AttendanceService - Optional.empty
16:28:46.142 default [http-nio-9001-exec-1] ERROR c.g.granos.service.AttendanceService - Optional.empty
16:28:46.146 default [http-nio-9001-exec-1] ERROR c.g.granos.service.AttendanceService - Optional.empty
16:28:46.148 default [http-nio-9001-exec-1] ERROR c.g.granos.service.AttendanceService - Optional.empty
16:28:46.152 default [http-nio-9001-exec-1] ERROR c.g.granos.service.AttendanceService - Optional.empty
16:28:46.156 default [http-nio-9001-exec-1] ERROR c.g.granos.service.AttendanceService - Optional.empty
16:29:24.455 default [RMI TCP Connection(3)-127.0.0.1] WARN  o.a.c.loader.WebappClassLoaderBase - The web application [ROOT] appears to have started a thread named [HikariPool-1 housekeeper] but has failed to stop it. This is very likely to create a memory leak. Stack trace of thread:
 java.base@17.0.3/jdk.internal.misc.Unsafe.park(Native Method)
 java.base@17.0.3/java.util.concurrent.locks.LockSupport.parkNanos(LockSupport.java:252)
 java.base@17.0.3/java.util.concurrent.locks.AbstractQueuedSynchronizer$ConditionObject.awaitNanos(AbstractQueuedSynchronizer.java:1672)
 java.base@17.0.3/java.util.concurrent.ScheduledThreadPoolExecutor$DelayedWorkQueue.take(ScheduledThreadPoolExecutor.java:1182)
 java.base@17.0.3/java.util.concurrent.ScheduledThreadPoolExecutor$DelayedWorkQueue.take(ScheduledThreadPoolExecutor.java:899)
 java.base@17.0.3/java.util.concurrent.ThreadPoolExecutor.getTask(ThreadPoolExecutor.java:1062)
 java.base@17.0.3/java.util.concurrent.ThreadPoolExecutor.runWorker(ThreadPoolExecutor.java:1122)
 java.base@17.0.3/java.util.concurrent.ThreadPoolExecutor$Worker.run(ThreadPoolExecutor.java:635)
 java.base@17.0.3/java.lang.Thread.run(Thread.java:833)
16:30:30.391 default [http-nio-9001-exec-1] ERROR c.g.granos.service.AttendanceService - T
16:30:30.495 default [http-nio-9001-exec-1] ERROR c.g.granos.service.AttendanceService - F
16:30:30.499 default [http-nio-9001-exec-1] ERROR c.g.granos.service.AttendanceService - F
16:30:30.504 default [http-nio-9001-exec-1] ERROR c.g.granos.service.AttendanceService - F
16:30:30.511 default [http-nio-9001-exec-1] ERROR c.g.granos.service.AttendanceService - F
16:30:30.514 default [http-nio-9001-exec-1] ERROR c.g.granos.service.AttendanceService - F
16:30:30.518 default [http-nio-9001-exec-1] ERROR c.g.granos.service.AttendanceService - F
16:30:30.520 default [http-nio-9001-exec-1] ERROR c.g.granos.service.AttendanceService - F
16:30:30.524 default [http-nio-9001-exec-1] ERROR c.g.granos.service.AttendanceService - F
16:30:30.528 default [http-nio-9001-exec-1] ERROR c.g.granos.service.AttendanceService - F
16:30:30.531 default [http-nio-9001-exec-1] ERROR c.g.granos.service.AttendanceService - F
16:30:30.533 default [http-nio-9001-exec-1] ERROR c.g.granos.service.AttendanceService - F
16:30:30.540 default [http-nio-9001-exec-1] ERROR c.g.granos.service.AttendanceService - F
16:30:30.543 default [http-nio-9001-exec-1] ERROR c.g.granos.service.AttendanceService - F
16:30:30.546 default [http-nio-9001-exec-1] ERROR c.g.granos.service.AttendanceService - F
16:30:30.550 default [http-nio-9001-exec-1] ERROR c.g.granos.service.AttendanceService - F
16:30:30.555 default [http-nio-9001-exec-1] ERROR c.g.granos.service.AttendanceService - F
16:30:30.557 default [http-nio-9001-exec-1] ERROR c.g.granos.service.AttendanceService - F
16:30:30.558 default [http-nio-9001-exec-1] ERROR c.g.granos.service.AttendanceService - F
16:30:30.562 default [http-nio-9001-exec-1] ERROR c.g.granos.service.AttendanceService - F
16:30:30.566 default [http-nio-9001-exec-1] ERROR c.g.granos.service.AttendanceService - F
16:30:30.571 default [http-nio-9001-exec-1] ERROR c.g.granos.service.AttendanceService - F
16:30:30.574 default [http-nio-9001-exec-1] ERROR c.g.granos.service.AttendanceService - F
16:30:30.577 default [http-nio-9001-exec-1] ERROR c.g.granos.service.AttendanceService - F
16:30:30.581 default [http-nio-9001-exec-1] ERROR c.g.granos.service.AttendanceService - F
16:30:30.583 default [http-nio-9001-exec-1] ERROR c.g.granos.service.AttendanceService - F
16:30:30.585 default [http-nio-9001-exec-1] ERROR c.g.granos.service.AttendanceService - F
16:30:30.589 default [http-nio-9001-exec-1] ERROR c.g.granos.service.AttendanceService - F
16:30:30.591 default [http-nio-9001-exec-1] ERROR c.g.granos.service.AttendanceService - F
16:30:30.594 default [http-nio-9001-exec-1] ERROR c.g.granos.service.AttendanceService - F
16:30:30.598 default [http-nio-9001-exec-1] ERROR c.g.granos.service.AttendanceService - F
16:31:20.067 default [RMI TCP Connection(5)-127.0.0.1] WARN  o.a.c.loader.WebappClassLoaderBase - The web application [ROOT] appears to have started a thread named [HikariPool-1 housekeeper] but has failed to stop it. This is very likely to create a memory leak. Stack trace of thread:
 java.base@17.0.3/jdk.internal.misc.Unsafe.park(Native Method)
 java.base@17.0.3/java.util.concurrent.locks.LockSupport.parkNanos(LockSupport.java:252)
 java.base@17.0.3/java.util.concurrent.locks.AbstractQueuedSynchronizer$ConditionObject.awaitNanos(AbstractQueuedSynchronizer.java:1672)
 java.base@17.0.3/java.util.concurrent.ScheduledThreadPoolExecutor$DelayedWorkQueue.take(ScheduledThreadPoolExecutor.java:1182)
 java.base@17.0.3/java.util.concurrent.ScheduledThreadPoolExecutor$DelayedWorkQueue.take(ScheduledThreadPoolExecutor.java:899)
 java.base@17.0.3/java.util.concurrent.ThreadPoolExecutor.getTask(ThreadPoolExecutor.java:1062)
 java.base@17.0.3/java.util.concurrent.ThreadPoolExecutor.runWorker(ThreadPoolExecutor.java:1122)
 java.base@17.0.3/java.util.concurrent.ThreadPoolExecutor$Worker.run(ThreadPoolExecutor.java:635)
 java.base@17.0.3/java.lang.Thread.run(Thread.java:833)
16:31:32.826 default [http-nio-9001-exec-1] ERROR c.g.granos.service.AttendanceService - 2
16:31:32.925 default [http-nio-9001-exec-1] ERROR c.g.granos.service.AttendanceService - 1
16:31:32.929 default [http-nio-9001-exec-1] ERROR c.g.granos.service.AttendanceService - 1
16:31:32.933 default [http-nio-9001-exec-1] ERROR c.g.granos.service.AttendanceService - 1
16:31:32.941 default [http-nio-9001-exec-1] ERROR c.g.granos.service.AttendanceService - 1
16:31:32.948 default [http-nio-9001-exec-1] ERROR c.g.granos.service.AttendanceService - 1
16:31:32.951 default [http-nio-9001-exec-1] ERROR c.g.granos.service.AttendanceService - 1
16:31:32.952 default [http-nio-9001-exec-1] ERROR c.g.granos.service.AttendanceService - 1
16:31:32.957 default [http-nio-9001-exec-1] ERROR c.g.granos.service.AttendanceService - 1
16:31:32.962 default [http-nio-9001-exec-1] ERROR c.g.granos.service.AttendanceService - 1
16:31:32.966 default [http-nio-9001-exec-1] ERROR c.g.granos.service.AttendanceService - 1
16:31:32.967 default [http-nio-9001-exec-1] ERROR c.g.granos.service.AttendanceService - 1
16:31:32.972 default [http-nio-9001-exec-1] ERROR c.g.granos.service.AttendanceService - 1
16:31:32.979 default [http-nio-9001-exec-1] ERROR c.g.granos.service.AttendanceService - 1
16:31:32.983 default [http-nio-9001-exec-1] ERROR c.g.granos.service.AttendanceService - 1
16:31:32.986 default [http-nio-9001-exec-1] ERROR c.g.granos.service.AttendanceService - 1
16:31:32.989 default [http-nio-9001-exec-1] ERROR c.g.granos.service.AttendanceService - 1
16:31:32.992 default [http-nio-9001-exec-1] ERROR c.g.granos.service.AttendanceService - 1
16:31:32.995 default [http-nio-9001-exec-1] ERROR c.g.granos.service.AttendanceService - 1
16:31:32.999 default [http-nio-9001-exec-1] ERROR c.g.granos.service.AttendanceService - 1
16:31:33.003 default [http-nio-9001-exec-1] ERROR c.g.granos.service.AttendanceService - 1
16:31:33.006 default [http-nio-9001-exec-1] ERROR c.g.granos.service.AttendanceService - 1
16:31:33.012 default [http-nio-9001-exec-1] ERROR c.g.granos.service.AttendanceService - 1
16:31:33.015 default [http-nio-9001-exec-1] ERROR c.g.granos.service.AttendanceService - 1
16:31:33.018 default [http-nio-9001-exec-1] ERROR c.g.granos.service.AttendanceService - 1
16:31:33.019 default [http-nio-9001-exec-1] ERROR c.g.granos.service.AttendanceService - 1
16:31:33.022 default [http-nio-9001-exec-1] ERROR c.g.granos.service.AttendanceService - 1
16:31:33.027 default [http-nio-9001-exec-1] ERROR c.g.granos.service.AttendanceService - 1
16:31:33.030 default [http-nio-9001-exec-1] ERROR c.g.granos.service.AttendanceService - 1
16:31:33.033 default [http-nio-9001-exec-1] ERROR c.g.granos.service.AttendanceService - 1
16:31:33.036 default [http-nio-9001-exec-1] ERROR c.g.granos.service.AttendanceService - 1
16:40:29.156 default [RMI TCP Connection(11)-127.0.0.1] WARN  o.a.c.loader.WebappClassLoaderBase - The web application [ROOT] appears to have started a thread named [HikariPool-1 housekeeper] but has failed to stop it. This is very likely to create a memory leak. Stack trace of thread:
 java.base@17.0.3/jdk.internal.misc.Unsafe.park(Native Method)
 java.base@17.0.3/java.util.concurrent.locks.LockSupport.parkNanos(LockSupport.java:252)
 java.base@17.0.3/java.util.concurrent.locks.AbstractQueuedSynchronizer$ConditionObject.awaitNanos(AbstractQueuedSynchronizer.java:1672)
 java.base@17.0.3/java.util.concurrent.ScheduledThreadPoolExecutor$DelayedWorkQueue.take(ScheduledThreadPoolExecutor.java:1182)
 java.base@17.0.3/java.util.concurrent.ScheduledThreadPoolExecutor$DelayedWorkQueue.take(ScheduledThreadPoolExecutor.java:899)
 java.base@17.0.3/java.util.concurrent.ThreadPoolExecutor.getTask(ThreadPoolExecutor.java:1062)
 java.base@17.0.3/java.util.concurrent.ThreadPoolExecutor.runWorker(ThreadPoolExecutor.java:1122)
 java.base@17.0.3/java.util.concurrent.ThreadPoolExecutor$Worker.run(ThreadPoolExecutor.java:635)
 java.base@17.0.3/java.lang.Thread.run(Thread.java:833)
16:57:32.089 default [RMI TCP Connection(20)-127.0.0.1] WARN  o.a.c.loader.WebappClassLoaderBase - The web application [ROOT] appears to have started a thread named [HikariPool-1 housekeeper] but has failed to stop it. This is very likely to create a memory leak. Stack trace of thread:
 java.base@17.0.3/jdk.internal.misc.Unsafe.park(Native Method)
 java.base@17.0.3/java.util.concurrent.locks.LockSupport.parkNanos(LockSupport.java:252)
 java.base@17.0.3/java.util.concurrent.locks.AbstractQueuedSynchronizer$ConditionObject.awaitNanos(AbstractQueuedSynchronizer.java:1672)
 java.base@17.0.3/java.util.concurrent.ScheduledThreadPoolExecutor$DelayedWorkQueue.take(ScheduledThreadPoolExecutor.java:1182)
 java.base@17.0.3/java.util.concurrent.ScheduledThreadPoolExecutor$DelayedWorkQueue.take(ScheduledThreadPoolExecutor.java:899)
 java.base@17.0.3/java.util.concurrent.ThreadPoolExecutor.getTask(ThreadPoolExecutor.java:1062)
 java.base@17.0.3/java.util.concurrent.ThreadPoolExecutor.runWorker(ThreadPoolExecutor.java:1122)
 java.base@17.0.3/java.util.concurrent.ThreadPoolExecutor$Worker.run(ThreadPoolExecutor.java:635)
 java.base@17.0.3/java.lang.Thread.run(Thread.java:833)
18:55:55.107 default [RMI TCP Connection(28)-127.0.0.1] WARN  o.a.c.loader.WebappClassLoaderBase - The web application [ROOT] appears to have started a thread named [HikariPool-1 housekeeper] but has failed to stop it. This is very likely to create a memory leak. Stack trace of thread:
 java.base@17.0.3/jdk.internal.misc.Unsafe.park(Native Method)
 java.base@17.0.3/java.util.concurrent.locks.LockSupport.parkNanos(LockSupport.java:252)
 java.base@17.0.3/java.util.concurrent.locks.AbstractQueuedSynchronizer$ConditionObject.awaitNanos(AbstractQueuedSynchronizer.java:1672)
 java.base@17.0.3/java.util.concurrent.ScheduledThreadPoolExecutor$DelayedWorkQueue.take(ScheduledThreadPoolExecutor.java:1182)
 java.base@17.0.3/java.util.concurrent.ScheduledThreadPoolExecutor$DelayedWorkQueue.take(ScheduledThreadPoolExecutor.java:899)
 java.base@17.0.3/java.util.concurrent.ThreadPoolExecutor.getTask(ThreadPoolExecutor.java:1062)
 java.base@17.0.3/java.util.concurrent.ThreadPoolExecutor.runWorker(ThreadPoolExecutor.java:1122)
 java.base@17.0.3/java.util.concurrent.ThreadPoolExecutor$Worker.run(ThreadPoolExecutor.java:635)
 java.base@17.0.3/java.lang.Thread.run(Thread.java:833)
