19:05:23.176 default [RMI TCP Connection(7)-127.0.0.1] WARN  o.a.c.loader.WebappClassLoaderBase - The web application [ROOT] appears to have started a thread named [HikariPool-1 housekeeper] but has failed to stop it. This is very likely to create a memory leak. Stack trace of thread:
 java.base@17.0.3/jdk.internal.misc.Unsafe.park(Native Method)
 java.base@17.0.3/java.util.concurrent.locks.LockSupport.parkNanos(LockSupport.java:252)
 java.base@17.0.3/java.util.concurrent.locks.AbstractQueuedSynchronizer$ConditionObject.awaitNanos(AbstractQueuedSynchronizer.java:1672)
 java.base@17.0.3/java.util.concurrent.ScheduledThreadPoolExecutor$DelayedWorkQueue.take(ScheduledThreadPoolExecutor.java:1182)
 java.base@17.0.3/java.util.concurrent.ScheduledThreadPoolExecutor$DelayedWorkQueue.take(ScheduledThreadPoolExecutor.java:899)
 java.base@17.0.3/java.util.concurrent.ThreadPoolExecutor.getTask(ThreadPoolExecutor.java:1062)
 java.base@17.0.3/java.util.concurrent.ThreadPoolExecutor.runWorker(ThreadPoolExecutor.java:1122)
 java.base@17.0.3/java.util.concurrent.ThreadPoolExecutor$Worker.run(ThreadPoolExecutor.java:635)
 java.base@17.0.3/java.lang.Thread.run(Thread.java:833)
19:24:17.874 default [RMI TCP Connection(4)-127.0.0.1] WARN  o.a.c.loader.WebappClassLoaderBase - The web application [ROOT] appears to have started a thread named [HikariPool-1 housekeeper] but has failed to stop it. This is very likely to create a memory leak. Stack trace of thread:
 java.base@17.0.3/jdk.internal.misc.Unsafe.park(Native Method)
 java.base@17.0.3/java.util.concurrent.locks.LockSupport.parkNanos(LockSupport.java:252)
 java.base@17.0.3/java.util.concurrent.locks.AbstractQueuedSynchronizer$ConditionObject.awaitNanos(AbstractQueuedSynchronizer.java:1672)
 java.base@17.0.3/java.util.concurrent.ScheduledThreadPoolExecutor$DelayedWorkQueue.take(ScheduledThreadPoolExecutor.java:1182)
 java.base@17.0.3/java.util.concurrent.ScheduledThreadPoolExecutor$DelayedWorkQueue.take(ScheduledThreadPoolExecutor.java:899)
 java.base@17.0.3/java.util.concurrent.ThreadPoolExecutor.getTask(ThreadPoolExecutor.java:1062)
 java.base@17.0.3/java.util.concurrent.ThreadPoolExecutor.runWorker(ThreadPoolExecutor.java:1122)
 java.base@17.0.3/java.util.concurrent.ThreadPoolExecutor$Worker.run(ThreadPoolExecutor.java:635)
 java.base@17.0.3/java.lang.Thread.run(Thread.java:833)
19:33:16.168 default [http-nio-9001-exec-1] ERROR org.thymeleaf.TemplateEngine - [THYMELEAF][http-nio-9001-exec-1] Exception processing template "getAttendance": Error resolving template [getAttendance], template might not exist or might not be accessible by any of the configured Template Resolvers
org.thymeleaf.exceptions.TemplateInputException: Error resolving template [getAttendance], template might not exist or might not be accessible by any of the configured Template Resolvers
	at org.thymeleaf.engine.TemplateManager.resolveTemplate(TemplateManager.java:869)
	at org.thymeleaf.engine.TemplateManager.parseAndProcess(TemplateManager.java:607)
	at org.thymeleaf.TemplateEngine.process(TemplateEngine.java:1103)
	at org.thymeleaf.TemplateEngine.process(TemplateEngine.java:1077)
	at org.thymeleaf.spring6.view.ThymeleafView.renderFragment(ThymeleafView.java:372)
	at org.thymeleaf.spring6.view.ThymeleafView.render(ThymeleafView.java:192)
	at org.springframework.web.servlet.DispatcherServlet.render(DispatcherServlet.java:1414)
	at org.springframework.web.servlet.DispatcherServlet.processDispatchResult(DispatcherServlet.java:1158)
	at org.springframework.web.servlet.DispatcherServlet.doDispatch(DispatcherServlet.java:1097)
	at org.springframework.web.servlet.DispatcherServlet.doService(DispatcherServlet.java:973)
	at org.springframework.web.servlet.FrameworkServlet.processRequest(FrameworkServlet.java:1011)
	at org.springframework.web.servlet.FrameworkServlet.doGet(FrameworkServlet.java:903)
	at jakarta.servlet.http.HttpServlet.service(HttpServlet.java:705)
	at org.springframework.web.servlet.FrameworkServlet.service(FrameworkServlet.java:885)
	at jakarta.servlet.http.HttpServlet.service(HttpServlet.java:814)
	at org.apache.catalina.core.ApplicationFilterChain.internalDoFilter(ApplicationFilterChain.java:223)
	at org.apache.catalina.core.ApplicationFilterChain.doFilter(ApplicationFilterChain.java:158)
	at org.apache.tomcat.websocket.server.WsFilter.doFilter(WsFilter.java:53)
	at org.apache.catalina.core.ApplicationFilterChain.internalDoFilter(ApplicationFilterChain.java:185)
	at org.apache.catalina.core.ApplicationFilterChain.doFilter(ApplicationFilterChain.java:158)
	at org.springframework.web.filter.RequestContextFilter.doFilterInternal(RequestContextFilter.java:100)
	at org.springframework.web.filter.OncePerRequestFilter.doFilter(OncePerRequestFilter.java:116)
	at org.apache.catalina.core.ApplicationFilterChain.internalDoFilter(ApplicationFilterChain.java:185)
	at org.apache.catalina.core.ApplicationFilterChain.doFilter(ApplicationFilterChain.java:158)
	at org.springframework.web.filter.FormContentFilter.doFilterInternal(FormContentFilter.java:93)
	at org.springframework.web.filter.OncePerRequestFilter.doFilter(OncePerRequestFilter.java:116)
	at org.apache.catalina.core.ApplicationFilterChain.internalDoFilter(ApplicationFilterChain.java:185)
	at org.apache.catalina.core.ApplicationFilterChain.doFilter(ApplicationFilterChain.java:158)
	at org.springframework.web.filter.CharacterEncodingFilter.doFilterInternal(CharacterEncodingFilter.java:201)
	at org.springframework.web.filter.OncePerRequestFilter.doFilter(OncePerRequestFilter.java:116)
	at org.apache.catalina.core.ApplicationFilterChain.internalDoFilter(ApplicationFilterChain.java:185)
	at org.apache.catalina.core.ApplicationFilterChain.doFilter(ApplicationFilterChain.java:158)
	at org.apache.catalina.core.StandardWrapperValve.invoke(StandardWrapperValve.java:177)
	at org.apache.catalina.core.StandardContextValve.invoke(StandardContextValve.java:97)
	at org.apache.catalina.authenticator.AuthenticatorBase.invoke(AuthenticatorBase.java:542)
	at org.apache.catalina.core.StandardHostValve.invoke(StandardHostValve.java:119)
	at org.apache.catalina.valves.ErrorReportValve.invoke(ErrorReportValve.java:92)
	at org.apache.catalina.core.StandardEngineValve.invoke(StandardEngineValve.java:78)
	at org.apache.catalina.connector.CoyoteAdapter.service(CoyoteAdapter.java:357)
	at org.apache.coyote.http11.Http11Processor.service(Http11Processor.java:400)
	at org.apache.coyote.AbstractProcessorLight.process(AbstractProcessorLight.java:65)
	at org.apache.coyote.AbstractProtocol$ConnectionHandler.process(AbstractProtocol.java:859)
	at org.apache.tomcat.util.net.NioEndpoint$SocketProcessor.doRun(NioEndpoint.java:1734)
	at org.apache.tomcat.util.net.SocketProcessorBase.run(SocketProcessorBase.java:52)
	at org.apache.tomcat.util.threads.ThreadPoolExecutor.runWorker(ThreadPoolExecutor.java:1191)
	at org.apache.tomcat.util.threads.ThreadPoolExecutor$Worker.run(ThreadPoolExecutor.java:659)
	at org.apache.tomcat.util.threads.TaskThread$WrappingRunnable.run(TaskThread.java:61)
	at java.base/java.lang.Thread.run(Thread.java:833)
19:33:16.177 default [http-nio-9001-exec-1] ERROR o.a.c.c.C.[.[.[.[dispatcherServlet] - Servlet.service() for servlet [dispatcherServlet] in context with path [] threw exception [Request processing failed: org.thymeleaf.exceptions.TemplateInputException: Error resolving template [getAttendance], template might not exist or might not be accessible by any of the configured Template Resolvers] with root cause
org.thymeleaf.exceptions.TemplateInputException: Error resolving template [getAttendance], template might not exist or might not be accessible by any of the configured Template Resolvers
	at org.thymeleaf.engine.TemplateManager.resolveTemplate(TemplateManager.java:869)
	at org.thymeleaf.engine.TemplateManager.parseAndProcess(TemplateManager.java:607)
	at org.thymeleaf.TemplateEngine.process(TemplateEngine.java:1103)
	at org.thymeleaf.TemplateEngine.process(TemplateEngine.java:1077)
	at org.thymeleaf.spring6.view.ThymeleafView.renderFragment(ThymeleafView.java:372)
	at org.thymeleaf.spring6.view.ThymeleafView.render(ThymeleafView.java:192)
	at org.springframework.web.servlet.DispatcherServlet.render(DispatcherServlet.java:1414)
	at org.springframework.web.servlet.DispatcherServlet.processDispatchResult(DispatcherServlet.java:1158)
	at org.springframework.web.servlet.DispatcherServlet.doDispatch(DispatcherServlet.java:1097)
	at org.springframework.web.servlet.DispatcherServlet.doService(DispatcherServlet.java:973)
	at org.springframework.web.servlet.FrameworkServlet.processRequest(FrameworkServlet.java:1011)
	at org.springframework.web.servlet.FrameworkServlet.doGet(FrameworkServlet.java:903)
	at jakarta.servlet.http.HttpServlet.service(HttpServlet.java:705)
	at org.springframework.web.servlet.FrameworkServlet.service(FrameworkServlet.java:885)
	at jakarta.servlet.http.HttpServlet.service(HttpServlet.java:814)
	at org.apache.catalina.core.ApplicationFilterChain.internalDoFilter(ApplicationFilterChain.java:223)
	at org.apache.catalina.core.ApplicationFilterChain.doFilter(ApplicationFilterChain.java:158)
	at org.apache.tomcat.websocket.server.WsFilter.doFilter(WsFilter.java:53)
	at org.apache.catalina.core.ApplicationFilterChain.internalDoFilter(ApplicationFilterChain.java:185)
	at org.apache.catalina.core.ApplicationFilterChain.doFilter(ApplicationFilterChain.java:158)
	at org.springframework.web.filter.RequestContextFilter.doFilterInternal(RequestContextFilter.java:100)
	at org.springframework.web.filter.OncePerRequestFilter.doFilter(OncePerRequestFilter.java:116)
	at org.apache.catalina.core.ApplicationFilterChain.internalDoFilter(ApplicationFilterChain.java:185)
	at org.apache.catalina.core.ApplicationFilterChain.doFilter(ApplicationFilterChain.java:158)
	at org.springframework.web.filter.FormContentFilter.doFilterInternal(FormContentFilter.java:93)
	at org.springframework.web.filter.OncePerRequestFilter.doFilter(OncePerRequestFilter.java:116)
	at org.apache.catalina.core.ApplicationFilterChain.internalDoFilter(ApplicationFilterChain.java:185)
	at org.apache.catalina.core.ApplicationFilterChain.doFilter(ApplicationFilterChain.java:158)
	at org.springframework.web.filter.CharacterEncodingFilter.doFilterInternal(CharacterEncodingFilter.java:201)
	at org.springframework.web.filter.OncePerRequestFilter.doFilter(OncePerRequestFilter.java:116)
	at org.apache.catalina.core.ApplicationFilterChain.internalDoFilter(ApplicationFilterChain.java:185)
	at org.apache.catalina.core.ApplicationFilterChain.doFilter(ApplicationFilterChain.java:158)
	at org.apache.catalina.core.StandardWrapperValve.invoke(StandardWrapperValve.java:177)
	at org.apache.catalina.core.StandardContextValve.invoke(StandardContextValve.java:97)
	at org.apache.catalina.authenticator.AuthenticatorBase.invoke(AuthenticatorBase.java:542)
	at org.apache.catalina.core.StandardHostValve.invoke(StandardHostValve.java:119)
	at org.apache.catalina.valves.ErrorReportValve.invoke(ErrorReportValve.java:92)
	at org.apache.catalina.core.StandardEngineValve.invoke(StandardEngineValve.java:78)
	at org.apache.catalina.connector.CoyoteAdapter.service(CoyoteAdapter.java:357)
	at org.apache.coyote.http11.Http11Processor.service(Http11Processor.java:400)
	at org.apache.coyote.AbstractProcessorLight.process(AbstractProcessorLight.java:65)
	at org.apache.coyote.AbstractProtocol$ConnectionHandler.process(AbstractProtocol.java:859)
	at org.apache.tomcat.util.net.NioEndpoint$SocketProcessor.doRun(NioEndpoint.java:1734)
	at org.apache.tomcat.util.net.SocketProcessorBase.run(SocketProcessorBase.java:52)
	at org.apache.tomcat.util.threads.ThreadPoolExecutor.runWorker(ThreadPoolExecutor.java:1191)
	at org.apache.tomcat.util.threads.ThreadPoolExecutor$Worker.run(ThreadPoolExecutor.java:659)
	at org.apache.tomcat.util.threads.TaskThread$WrappingRunnable.run(TaskThread.java:61)
	at java.base/java.lang.Thread.run(Thread.java:833)
19:40:15.975 default [main] WARN  o.s.b.w.s.c.AnnotationConfigServletWebServerApplicationContext - Exception encountered during context initialization - cancelling refresh attempt: org.springframework.beans.factory.UnsatisfiedDependencyException: Error creating bean with name 'jsonResponse' defined in file [C:\Users\Cheney\eclipse-workspace\Granos\target\classes\com\grace\granos\model\JsonResponse.class]: Unsatisfied dependency expressed through constructor parameter 0: No qualifying bean of type 'java.lang.Object' available: more than one 'primary' bean found among candidates: [org.springframework.context.annotation.internalConfigurationAnnotationProcessor, org.springframework.context.annotation.internalAutowiredAnnotationProcessor, org.springframework.context.annotation.internalCommonAnnotationProcessor, org.springframework.context.event.internalEventListenerProcessor, org.springframework.context.event.internalEventListenerFactory, granosApplication, org.springframework.boot.autoconfigure.internalCachingMetadataReaderFactory, webConfig, attendance, calendar, exceptionHandlerAdvice, home, login, staff, attendanceRepository, staffRepository, attendanceModel, staffModel, attendanceService, calendarService, staffService, MD5util, restTemplate, localeResolver, localeChangeInterceptor, org.springframework.boot.autoconfigure.AutoConfigurationPackages, org.springframework.boot.autoconfigure.domain.EntityScanPackages, org.springframework.boot.autoconfigure.context.MessageSourceAutoConfiguration, messageSourceProperties, messageSource, org.springframework.boot.context.properties.ConfigurationPropertiesBindingPostProcessor, org.springframework.boot.context.internalConfigurationPropertiesBinder, org.springframework.boot.context.properties.BoundConfigurationProperties, org.springframework.boot.context.properties.EnableConfigurationPropertiesRegistrar.methodValidationExcludeFilter, org.springframework.boot.autoconfigure.context.PropertyPlaceholderAutoConfiguration, propertySourcesPlaceholderConfigurer, org.springframework.boot.autoconfigure.websocket.servlet.WebSocketServletAutoConfiguration$TomcatWebSocketConfiguration, websocketServletWebServerCustomizer, org.springframework.boot.autoconfigure.websocket.servlet.WebSocketServletAutoConfiguration, org.springframework.boot.autoconfigure.web.servlet.ServletWebServerFactoryConfiguration$EmbeddedTomcat, tomcatServletWebServerFactory, org.springframework.boot.autoconfigure.web.servlet.ServletWebServerFactoryAutoConfiguration, servletWebServerFactoryCustomizer, tomcatServletWebServerFactoryCustomizer, server-org.springframework.boot.autoconfigure.web.ServerProperties, webServerFactoryCustomizerBeanPostProcessor, errorPageRegistrarBeanPostProcessor, org.springframework.boot.autoconfigure.web.servlet.DispatcherServletAutoConfiguration$DispatcherServletConfiguration, dispatcherServlet, spring.mvc-org.springframework.boot.autoconfigure.web.servlet.WebMvcProperties, org.springframework.boot.autoconfigure.web.servlet.DispatcherServletAutoConfiguration$DispatcherServletRegistrationConfiguration, dispatcherServletRegistration, org.springframework.boot.autoconfigure.web.servlet.DispatcherServletAutoConfiguration, org.springframework.boot.autoconfigure.task.TaskExecutionAutoConfiguration, taskExecutorBuilder, applicationTaskExecutor, spring.task.execution-org.springframework.boot.autoconfigure.task.TaskExecutionProperties, org.springframework.boot.autoconfigure.web.servlet.error.ErrorMvcAutoConfiguration$DefaultErrorViewResolverConfiguration, conventionErrorViewResolver, spring.web-org.springframework.boot.autoconfigure.web.WebProperties, org.springframework.boot.autoconfigure.web.servlet.error.ErrorMvcAutoConfiguration, errorAttributes, basicErrorController, errorPageCustomizer, preserveErrorControllerTargetClassPostProcessor, org.springframework.boot.autoconfigure.web.servlet.WebMvcAutoConfiguration$EnableWebMvcConfiguration, requestMappingHandlerAdapter, welcomePageHandlerMapping, themeResolver, flashMapManager, mvcConversionService, mvcValidator, mvcContentNegotiationManager, requestMappingHandlerMapping, mvcPatternParser, mvcUrlPathHelper, mvcPathMatcher, viewControllerHandlerMapping, beanNameHandlerMapping, routerFunctionMapping, resourceHandlerMapping, mvcResourceUrlProvider, defaultServletHandlerMapping, handlerFunctionAdapter, mvcUriComponentsContributor, httpRequestHandlerAdapter, simpleControllerHandlerAdapter, handlerExceptionResolver, mvcViewResolver, mvcHandlerMappingIntrospector, viewNameTranslator, org.springframework.boot.autoconfigure.web.servlet.WebMvcAutoConfiguration$WebMvcAutoConfigurationAdapter, defaultViewResolver, viewResolver, requestContextFilter, org.springframework.boot.autoconfigure.web.servlet.WebMvcAutoConfiguration, formContentFilter, org.springframework.boot.autoconfigure.aop.AopAutoConfiguration$ClassProxyingConfiguration, forceAutoProxyCreatorToUseClassProxying, org.springframework.boot.autoconfigure.aop.AopAutoConfiguration, org.springframework.boot.autoconfigure.availability.ApplicationAvailabilityAutoConfiguration, applicationAvailability, org.springframework.boot.autoconfigure.jackson.JacksonAutoConfiguration$Jackson2ObjectMapperBuilderCustomizerConfiguration, standardJacksonObjectMapperBuilderCustomizer, spring.jackson-org.springframework.boot.autoconfigure.jackson.JacksonProperties, org.springframework.boot.autoconfigure.jackson.JacksonAutoConfiguration$JacksonObjectMapperBuilderConfiguration, jacksonObjectMapperBuilder, org.springframework.boot.autoconfigure.jackson.JacksonAutoConfiguration$ParameterNamesModuleConfiguration, parameterNamesModule, org.springframework.boot.autoconfigure.jackson.JacksonAutoConfiguration$JacksonObjectMapperConfiguration, jacksonObjectMapper, org.springframework.boot.autoconfigure.jackson.JacksonAutoConfiguration$JacksonMixinConfiguration, jsonMixinModuleEntries, jsonMixinModule, org.springframework.boot.autoconfigure.jackson.JacksonAutoConfiguration, jsonComponentModule, org.springframework.boot.autoconfigure.jdbc.DataSourceConfiguration$Hikari, dataSource, org.springframework.boot.autoconfigure.jdbc.DataSourceJmxConfiguration$Hikari, org.springframework.boot.autoconfigure.jdbc.DataSourceJmxConfiguration, org.springframework.boot.autoconfigure.jdbc.DataSourceAutoConfiguration$PooledDataSourceConfiguration, org.springframework.boot.autoconfigure.jdbc.metadata.DataSourcePoolMetadataProvidersConfiguration$HikariPoolDataSourceMetadataProviderConfiguration, hikariPoolDataSourceMetadataProvider, org.springframework.boot.autoconfigure.jdbc.metadata.DataSourcePoolMetadataProvidersConfiguration, org.springframework.boot.autoconfigure.jdbc.DataSourceAutoConfiguration, spring.datasource-org.springframework.boot.autoconfigure.jdbc.DataSourceProperties, org.springframework.boot.autoconfigure.context.ConfigurationPropertiesAutoConfiguration, org.springframework.boot.autoconfigure.context.LifecycleAutoConfiguration, lifecycleProcessor, spring.lifecycle-org.springframework.boot.autoconfigure.context.LifecycleProperties, org.springframework.boot.autoconfigure.dao.PersistenceExceptionTranslationAutoConfiguration, persistenceExceptionTranslationPostProcessor, org.springframework.boot.autoconfigure.http.HttpMessageConvertersAutoConfiguration$StringHttpMessageConverterConfiguration, stringHttpMessageConverter, org.springframework.boot.autoconfigure.http.JacksonHttpMessageConvertersConfiguration$MappingJackson2HttpMessageConverterConfiguration, mappingJackson2HttpMessageConverter, org.springframework.boot.autoconfigure.http.JacksonHttpMessageConvertersConfiguration, org.springframework.boot.autoconfigure.http.HttpMessageConvertersAutoConfiguration, messageConverters, org.springframework.boot.autoconfigure.info.ProjectInfoAutoConfiguration, spring.info-org.springframework.boot.autoconfigure.info.ProjectInfoProperties, org.springframework.boot.autoconfigure.jdbc.JdbcTemplateConfiguration, jdbcTemplate, org.springframework.boot.autoconfigure.jdbc.NamedParameterJdbcTemplateConfiguration, namedParameterJdbcTemplate, org.springframework.boot.autoconfigure.jdbc.JdbcTemplateAutoConfiguration, spring.jdbc-org.springframework.boot.autoconfigure.jdbc.JdbcProperties, org.springframework.boot.sql.init.dependency.DatabaseInitializationDependencyConfigurer$DependsOnDatabaseInitializationPostProcessor, org.springframework.boot.autoconfigure.sql.init.DataSourceInitializationConfiguration, dataSourceScriptDatabaseInitializer, org.springframework.boot.autoconfigure.sql.init.SqlInitializationAutoConfiguration, spring.sql.init-org.springframework.boot.autoconfigure.sql.init.SqlInitializationProperties, org.springframework.boot.autoconfigure.task.TaskSchedulingAutoConfiguration, taskSchedulerBuilder, spring.task.scheduling-org.springframework.boot.autoconfigure.task.TaskSchedulingProperties, org.springframework.boot.autoconfigure.thymeleaf.ThymeleafAutoConfiguration$ThymeleafWebMvcConfiguration$ThymeleafViewResolverConfiguration, thymeleafViewResolver, org.springframework.boot.autoconfigure.thymeleaf.ThymeleafAutoConfiguration$ThymeleafWebMvcConfiguration, org.springframework.boot.autoconfigure.thymeleaf.ThymeleafAutoConfiguration$DefaultTemplateResolverConfiguration, defaultTemplateResolver, org.springframework.boot.autoconfigure.thymeleaf.TemplateEngineConfigurations$DefaultTemplateEngineConfiguration, templateEngine, org.springframework.boot.autoconfigure.thymeleaf.ThymeleafAutoConfiguration, spring.thymeleaf-org.springframework.boot.autoconfigure.thymeleaf.ThymeleafProperties, org.springframework.boot.autoconfigure.jdbc.DataSourceTransactionManagerAutoConfiguration$JdbcTransactionManagerConfiguration, transactionManager, org.springframework.boot.autoconfigure.jdbc.DataSourceTransactionManagerAutoConfiguration, org.springframework.transaction.annotation.ProxyTransactionManagementConfiguration, org.springframework.transaction.config.internalTransactionAdvisor, transactionAttributeSource, transactionInterceptor, org.springframework.transaction.config.internalTransactionalEventListenerFactory, org.springframework.boot.autoconfigure.transaction.TransactionAutoConfiguration$EnableTransactionManagementConfiguration$CglibAutoProxyConfiguration, org.springframework.aop.config.internalAutoProxyCreator, org.springframework.boot.autoconfigure.transaction.TransactionAutoConfiguration$EnableTransactionManagementConfiguration, org.springframework.boot.autoconfigure.transaction.TransactionAutoConfiguration$TransactionTemplateConfiguration, transactionTemplate, org.springframework.boot.autoconfigure.transaction.TransactionAutoConfiguration, platformTransactionManagerCustomizers, spring.transaction-org.springframework.boot.autoconfigure.transaction.TransactionProperties, org.springframework.boot.autoconfigure.web.client.RestTemplateAutoConfiguration, restTemplateBuilderConfigurer, restTemplateBuilder, org.springframework.boot.autoconfigure.web.embedded.EmbeddedWebServerFactoryCustomizerAutoConfiguration$TomcatWebServerFactoryCustomizerConfiguration, tomcatWebServerFactoryCustomizer, org.springframework.boot.autoconfigure.web.embedded.EmbeddedWebServerFactoryCustomizerAutoConfiguration, org.springframework.boot.autoconfigure.web.servlet.HttpEncodingAutoConfiguration, characterEncodingFilter, localeCharsetMappingsCustomizer, org.springframework.boot.autoconfigure.web.servlet.MultipartAutoConfiguration, multipartConfigElement, multipartResolver, spring.servlet.multipart-org.springframework.boot.autoconfigure.web.servlet.MultipartProperties, org.springframework.boot.context.ContextIdApplicationContextInitializer$ContextId, autoConfigurationReport, springApplicationArguments, springBootBanner, springBootLoggingSystem, springBootLoggerGroups, springBootLoggingLifecycle, environment, systemProperties, systemEnvironment, applicationStartup, org.springframework.context.annotation.ConfigurationClassPostProcessor.importRegistry, applicationEventMulticaster, servletContext, contextParameters, contextAttributes, webServerGracefulShutdown, webServerStartStop]
19:40:16.112 default [main] ERROR o.s.boot.SpringApplication - Application run failed
org.springframework.beans.factory.UnsatisfiedDependencyException: Error creating bean with name 'jsonResponse' defined in file [C:\Users\Cheney\eclipse-workspace\Granos\target\classes\com\grace\granos\model\JsonResponse.class]: Unsatisfied dependency expressed through constructor parameter 0: No qualifying bean of type 'java.lang.Object' available: more than one 'primary' bean found among candidates: [org.springframework.context.annotation.internalConfigurationAnnotationProcessor, org.springframework.context.annotation.internalAutowiredAnnotationProcessor, org.springframework.context.annotation.internalCommonAnnotationProcessor, org.springframework.context.event.internalEventListenerProcessor, org.springframework.context.event.internalEventListenerFactory, granosApplication, org.springframework.boot.autoconfigure.internalCachingMetadataReaderFactory, webConfig, attendance, calendar, exceptionHandlerAdvice, home, login, staff, attendanceRepository, staffRepository, attendanceModel, staffModel, attendanceService, calendarService, staffService, MD5util, restTemplate, localeResolver, localeChangeInterceptor, org.springframework.boot.autoconfigure.AutoConfigurationPackages, org.springframework.boot.autoconfigure.domain.EntityScanPackages, org.springframework.boot.autoconfigure.context.MessageSourceAutoConfiguration, messageSourceProperties, messageSource, org.springframework.boot.context.properties.ConfigurationPropertiesBindingPostProcessor, org.springframework.boot.context.internalConfigurationPropertiesBinder, org.springframework.boot.context.properties.BoundConfigurationProperties, org.springframework.boot.context.properties.EnableConfigurationPropertiesRegistrar.methodValidationExcludeFilter, org.springframework.boot.autoconfigure.context.PropertyPlaceholderAutoConfiguration, propertySourcesPlaceholderConfigurer, org.springframework.boot.autoconfigure.websocket.servlet.WebSocketServletAutoConfiguration$TomcatWebSocketConfiguration, websocketServletWebServerCustomizer, org.springframework.boot.autoconfigure.websocket.servlet.WebSocketServletAutoConfiguration, org.springframework.boot.autoconfigure.web.servlet.ServletWebServerFactoryConfiguration$EmbeddedTomcat, tomcatServletWebServerFactory, org.springframework.boot.autoconfigure.web.servlet.ServletWebServerFactoryAutoConfiguration, servletWebServerFactoryCustomizer, tomcatServletWebServerFactoryCustomizer, server-org.springframework.boot.autoconfigure.web.ServerProperties, webServerFactoryCustomizerBeanPostProcessor, errorPageRegistrarBeanPostProcessor, org.springframework.boot.autoconfigure.web.servlet.DispatcherServletAutoConfiguration$DispatcherServletConfiguration, dispatcherServlet, spring.mvc-org.springframework.boot.autoconfigure.web.servlet.WebMvcProperties, org.springframework.boot.autoconfigure.web.servlet.DispatcherServletAutoConfiguration$DispatcherServletRegistrationConfiguration, dispatcherServletRegistration, org.springframework.boot.autoconfigure.web.servlet.DispatcherServletAutoConfiguration, org.springframework.boot.autoconfigure.task.TaskExecutionAutoConfiguration, taskExecutorBuilder, applicationTaskExecutor, spring.task.execution-org.springframework.boot.autoconfigure.task.TaskExecutionProperties, org.springframework.boot.autoconfigure.web.servlet.error.ErrorMvcAutoConfiguration$DefaultErrorViewResolverConfiguration, conventionErrorViewResolver, spring.web-org.springframework.boot.autoconfigure.web.WebProperties, org.springframework.boot.autoconfigure.web.servlet.error.ErrorMvcAutoConfiguration, errorAttributes, basicErrorController, errorPageCustomizer, preserveErrorControllerTargetClassPostProcessor, org.springframework.boot.autoconfigure.web.servlet.WebMvcAutoConfiguration$EnableWebMvcConfiguration, requestMappingHandlerAdapter, welcomePageHandlerMapping, themeResolver, flashMapManager, mvcConversionService, mvcValidator, mvcContentNegotiationManager, requestMappingHandlerMapping, mvcPatternParser, mvcUrlPathHelper, mvcPathMatcher, viewControllerHandlerMapping, beanNameHandlerMapping, routerFunctionMapping, resourceHandlerMapping, mvcResourceUrlProvider, defaultServletHandlerMapping, handlerFunctionAdapter, mvcUriComponentsContributor, httpRequestHandlerAdapter, simpleControllerHandlerAdapter, handlerExceptionResolver, mvcViewResolver, mvcHandlerMappingIntrospector, viewNameTranslator, org.springframework.boot.autoconfigure.web.servlet.WebMvcAutoConfiguration$WebMvcAutoConfigurationAdapter, defaultViewResolver, viewResolver, requestContextFilter, org.springframework.boot.autoconfigure.web.servlet.WebMvcAutoConfiguration, formContentFilter, org.springframework.boot.autoconfigure.aop.AopAutoConfiguration$ClassProxyingConfiguration, forceAutoProxyCreatorToUseClassProxying, org.springframework.boot.autoconfigure.aop.AopAutoConfiguration, org.springframework.boot.autoconfigure.availability.ApplicationAvailabilityAutoConfiguration, applicationAvailability, org.springframework.boot.autoconfigure.jackson.JacksonAutoConfiguration$Jackson2ObjectMapperBuilderCustomizerConfiguration, standardJacksonObjectMapperBuilderCustomizer, spring.jackson-org.springframework.boot.autoconfigure.jackson.JacksonProperties, org.springframework.boot.autoconfigure.jackson.JacksonAutoConfiguration$JacksonObjectMapperBuilderConfiguration, jacksonObjectMapperBuilder, org.springframework.boot.autoconfigure.jackson.JacksonAutoConfiguration$ParameterNamesModuleConfiguration, parameterNamesModule, org.springframework.boot.autoconfigure.jackson.JacksonAutoConfiguration$JacksonObjectMapperConfiguration, jacksonObjectMapper, org.springframework.boot.autoconfigure.jackson.JacksonAutoConfiguration$JacksonMixinConfiguration, jsonMixinModuleEntries, jsonMixinModule, org.springframework.boot.autoconfigure.jackson.JacksonAutoConfiguration, jsonComponentModule, org.springframework.boot.autoconfigure.jdbc.DataSourceConfiguration$Hikari, dataSource, org.springframework.boot.autoconfigure.jdbc.DataSourceJmxConfiguration$Hikari, org.springframework.boot.autoconfigure.jdbc.DataSourceJmxConfiguration, org.springframework.boot.autoconfigure.jdbc.DataSourceAutoConfiguration$PooledDataSourceConfiguration, org.springframework.boot.autoconfigure.jdbc.metadata.DataSourcePoolMetadataProvidersConfiguration$HikariPoolDataSourceMetadataProviderConfiguration, hikariPoolDataSourceMetadataProvider, org.springframework.boot.autoconfigure.jdbc.metadata.DataSourcePoolMetadataProvidersConfiguration, org.springframework.boot.autoconfigure.jdbc.DataSourceAutoConfiguration, spring.datasource-org.springframework.boot.autoconfigure.jdbc.DataSourceProperties, org.springframework.boot.autoconfigure.context.ConfigurationPropertiesAutoConfiguration, org.springframework.boot.autoconfigure.context.LifecycleAutoConfiguration, lifecycleProcessor, spring.lifecycle-org.springframework.boot.autoconfigure.context.LifecycleProperties, org.springframework.boot.autoconfigure.dao.PersistenceExceptionTranslationAutoConfiguration, persistenceExceptionTranslationPostProcessor, org.springframework.boot.autoconfigure.http.HttpMessageConvertersAutoConfiguration$StringHttpMessageConverterConfiguration, stringHttpMessageConverter, org.springframework.boot.autoconfigure.http.JacksonHttpMessageConvertersConfiguration$MappingJackson2HttpMessageConverterConfiguration, mappingJackson2HttpMessageConverter, org.springframework.boot.autoconfigure.http.JacksonHttpMessageConvertersConfiguration, org.springframework.boot.autoconfigure.http.HttpMessageConvertersAutoConfiguration, messageConverters, org.springframework.boot.autoconfigure.info.ProjectInfoAutoConfiguration, spring.info-org.springframework.boot.autoconfigure.info.ProjectInfoProperties, org.springframework.boot.autoconfigure.jdbc.JdbcTemplateConfiguration, jdbcTemplate, org.springframework.boot.autoconfigure.jdbc.NamedParameterJdbcTemplateConfiguration, namedParameterJdbcTemplate, org.springframework.boot.autoconfigure.jdbc.JdbcTemplateAutoConfiguration, spring.jdbc-org.springframework.boot.autoconfigure.jdbc.JdbcProperties, org.springframework.boot.sql.init.dependency.DatabaseInitializationDependencyConfigurer$DependsOnDatabaseInitializationPostProcessor, org.springframework.boot.autoconfigure.sql.init.DataSourceInitializationConfiguration, dataSourceScriptDatabaseInitializer, org.springframework.boot.autoconfigure.sql.init.SqlInitializationAutoConfiguration, spring.sql.init-org.springframework.boot.autoconfigure.sql.init.SqlInitializationProperties, org.springframework.boot.autoconfigure.task.TaskSchedulingAutoConfiguration, taskSchedulerBuilder, spring.task.scheduling-org.springframework.boot.autoconfigure.task.TaskSchedulingProperties, org.springframework.boot.autoconfigure.thymeleaf.ThymeleafAutoConfiguration$ThymeleafWebMvcConfiguration$ThymeleafViewResolverConfiguration, thymeleafViewResolver, org.springframework.boot.autoconfigure.thymeleaf.ThymeleafAutoConfiguration$ThymeleafWebMvcConfiguration, org.springframework.boot.autoconfigure.thymeleaf.ThymeleafAutoConfiguration$DefaultTemplateResolverConfiguration, defaultTemplateResolver, org.springframework.boot.autoconfigure.thymeleaf.TemplateEngineConfigurations$DefaultTemplateEngineConfiguration, templateEngine, org.springframework.boot.autoconfigure.thymeleaf.ThymeleafAutoConfiguration, spring.thymeleaf-org.springframework.boot.autoconfigure.thymeleaf.ThymeleafProperties, org.springframework.boot.autoconfigure.jdbc.DataSourceTransactionManagerAutoConfiguration$JdbcTransactionManagerConfiguration, transactionManager, org.springframework.boot.autoconfigure.jdbc.DataSourceTransactionManagerAutoConfiguration, org.springframework.transaction.annotation.ProxyTransactionManagementConfiguration, org.springframework.transaction.config.internalTransactionAdvisor, transactionAttributeSource, transactionInterceptor, org.springframework.transaction.config.internalTransactionalEventListenerFactory, org.springframework.boot.autoconfigure.transaction.TransactionAutoConfiguration$EnableTransactionManagementConfiguration$CglibAutoProxyConfiguration, org.springframework.aop.config.internalAutoProxyCreator, org.springframework.boot.autoconfigure.transaction.TransactionAutoConfiguration$EnableTransactionManagementConfiguration, org.springframework.boot.autoconfigure.transaction.TransactionAutoConfiguration$TransactionTemplateConfiguration, transactionTemplate, org.springframework.boot.autoconfigure.transaction.TransactionAutoConfiguration, platformTransactionManagerCustomizers, spring.transaction-org.springframework.boot.autoconfigure.transaction.TransactionProperties, org.springframework.boot.autoconfigure.web.client.RestTemplateAutoConfiguration, restTemplateBuilderConfigurer, restTemplateBuilder, org.springframework.boot.autoconfigure.web.embedded.EmbeddedWebServerFactoryCustomizerAutoConfiguration$TomcatWebServerFactoryCustomizerConfiguration, tomcatWebServerFactoryCustomizer, org.springframework.boot.autoconfigure.web.embedded.EmbeddedWebServerFactoryCustomizerAutoConfiguration, org.springframework.boot.autoconfigure.web.servlet.HttpEncodingAutoConfiguration, characterEncodingFilter, localeCharsetMappingsCustomizer, org.springframework.boot.autoconfigure.web.servlet.MultipartAutoConfiguration, multipartConfigElement, multipartResolver, spring.servlet.multipart-org.springframework.boot.autoconfigure.web.servlet.MultipartProperties, org.springframework.boot.context.ContextIdApplicationContextInitializer$ContextId, autoConfigurationReport, springApplicationArguments, springBootBanner, springBootLoggingSystem, springBootLoggerGroups, springBootLoggingLifecycle, environment, systemProperties, systemEnvironment, applicationStartup, org.springframework.context.annotation.ConfigurationClassPostProcessor.importRegistry, applicationEventMulticaster, servletContext, contextParameters, contextAttributes, webServerGracefulShutdown, webServerStartStop]
	at org.springframework.beans.factory.support.ConstructorResolver.createArgumentArray(ConstructorResolver.java:798)
	at org.springframework.beans.factory.support.ConstructorResolver.autowireConstructor(ConstructorResolver.java:245)
	at org.springframework.beans.factory.support.AbstractAutowireCapableBeanFactory.autowireConstructor(AbstractAutowireCapableBeanFactory.java:1344)
	at org.springframework.beans.factory.support.AbstractAutowireCapableBeanFactory.createBeanInstance(AbstractAutowireCapableBeanFactory.java:1188)
	at org.springframework.beans.factory.support.AbstractAutowireCapableBeanFactory.doCreateBean(AbstractAutowireCapableBeanFactory.java:561)
	at org.springframework.beans.factory.support.AbstractAutowireCapableBeanFactory.createBean(AbstractAutowireCapableBeanFactory.java:521)
	at org.springframework.beans.factory.support.AbstractBeanFactory.lambda$doGetBean$0(AbstractBeanFactory.java:326)
	at org.springframework.beans.factory.support.DefaultSingletonBeanRegistry.getSingleton(DefaultSingletonBeanRegistry.java:234)
	at org.springframework.beans.factory.support.AbstractBeanFactory.doGetBean(AbstractBeanFactory.java:324)
	at org.springframework.beans.factory.support.AbstractBeanFactory.getBean(AbstractBeanFactory.java:200)
	at org.springframework.beans.factory.support.DefaultListableBeanFactory.preInstantiateSingletons(DefaultListableBeanFactory.java:961)
	at org.springframework.context.support.AbstractApplicationContext.finishBeanFactoryInitialization(AbstractApplicationContext.java:915)
	at org.springframework.context.support.AbstractApplicationContext.refresh(AbstractApplicationContext.java:584)
	at org.springframework.boot.web.servlet.context.ServletWebServerApplicationContext.refresh(ServletWebServerApplicationContext.java:146)
	at org.springframework.boot.SpringApplication.refresh(SpringApplication.java:730)
	at org.springframework.boot.SpringApplication.refreshContext(SpringApplication.java:432)
	at org.springframework.boot.SpringApplication.run(SpringApplication.java:308)
	at org.springframework.boot.SpringApplication.run(SpringApplication.java:1302)
	at org.springframework.boot.SpringApplication.run(SpringApplication.java:1291)
	at com.grace.granos.GranosApplication.main(GranosApplication.java:14)
Caused by: org.springframework.beans.factory.NoUniqueBeanDefinitionException: No qualifying bean of type 'java.lang.Object' available: more than one 'primary' bean found among candidates: [org.springframework.context.annotation.internalConfigurationAnnotationProcessor, org.springframework.context.annotation.internalAutowiredAnnotationProcessor, org.springframework.context.annotation.internalCommonAnnotationProcessor, org.springframework.context.event.internalEventListenerProcessor, org.springframework.context.event.internalEventListenerFactory, granosApplication, org.springframework.boot.autoconfigure.internalCachingMetadataReaderFactory, webConfig, attendance, calendar, exceptionHandlerAdvice, home, login, staff, attendanceRepository, staffRepository, attendanceModel, staffModel, attendanceService, calendarService, staffService, MD5util, restTemplate, localeResolver, localeChangeInterceptor, org.springframework.boot.autoconfigure.AutoConfigurationPackages, org.springframework.boot.autoconfigure.domain.EntityScanPackages, org.springframework.boot.autoconfigure.context.MessageSourceAutoConfiguration, messageSourceProperties, messageSource, org.springframework.boot.context.properties.ConfigurationPropertiesBindingPostProcessor, org.springframework.boot.context.internalConfigurationPropertiesBinder, org.springframework.boot.context.properties.BoundConfigurationProperties, org.springframework.boot.context.properties.EnableConfigurationPropertiesRegistrar.methodValidationExcludeFilter, org.springframework.boot.autoconfigure.context.PropertyPlaceholderAutoConfiguration, propertySourcesPlaceholderConfigurer, org.springframework.boot.autoconfigure.websocket.servlet.WebSocketServletAutoConfiguration$TomcatWebSocketConfiguration, websocketServletWebServerCustomizer, org.springframework.boot.autoconfigure.websocket.servlet.WebSocketServletAutoConfiguration, org.springframework.boot.autoconfigure.web.servlet.ServletWebServerFactoryConfiguration$EmbeddedTomcat, tomcatServletWebServerFactory, org.springframework.boot.autoconfigure.web.servlet.ServletWebServerFactoryAutoConfiguration, servletWebServerFactoryCustomizer, tomcatServletWebServerFactoryCustomizer, server-org.springframework.boot.autoconfigure.web.ServerProperties, webServerFactoryCustomizerBeanPostProcessor, errorPageRegistrarBeanPostProcessor, org.springframework.boot.autoconfigure.web.servlet.DispatcherServletAutoConfiguration$DispatcherServletConfiguration, dispatcherServlet, spring.mvc-org.springframework.boot.autoconfigure.web.servlet.WebMvcProperties, org.springframework.boot.autoconfigure.web.servlet.DispatcherServletAutoConfiguration$DispatcherServletRegistrationConfiguration, dispatcherServletRegistration, org.springframework.boot.autoconfigure.web.servlet.DispatcherServletAutoConfiguration, org.springframework.boot.autoconfigure.task.TaskExecutionAutoConfiguration, taskExecutorBuilder, applicationTaskExecutor, spring.task.execution-org.springframework.boot.autoconfigure.task.TaskExecutionProperties, org.springframework.boot.autoconfigure.web.servlet.error.ErrorMvcAutoConfiguration$DefaultErrorViewResolverConfiguration, conventionErrorViewResolver, spring.web-org.springframework.boot.autoconfigure.web.WebProperties, org.springframework.boot.autoconfigure.web.servlet.error.ErrorMvcAutoConfiguration, errorAttributes, basicErrorController, errorPageCustomizer, preserveErrorControllerTargetClassPostProcessor, org.springframework.boot.autoconfigure.web.servlet.WebMvcAutoConfiguration$EnableWebMvcConfiguration, requestMappingHandlerAdapter, welcomePageHandlerMapping, themeResolver, flashMapManager, mvcConversionService, mvcValidator, mvcContentNegotiationManager, requestMappingHandlerMapping, mvcPatternParser, mvcUrlPathHelper, mvcPathMatcher, viewControllerHandlerMapping, beanNameHandlerMapping, routerFunctionMapping, resourceHandlerMapping, mvcResourceUrlProvider, defaultServletHandlerMapping, handlerFunctionAdapter, mvcUriComponentsContributor, httpRequestHandlerAdapter, simpleControllerHandlerAdapter, handlerExceptionResolver, mvcViewResolver, mvcHandlerMappingIntrospector, viewNameTranslator, org.springframework.boot.autoconfigure.web.servlet.WebMvcAutoConfiguration$WebMvcAutoConfigurationAdapter, defaultViewResolver, viewResolver, requestContextFilter, org.springframework.boot.autoconfigure.web.servlet.WebMvcAutoConfiguration, formContentFilter, org.springframework.boot.autoconfigure.aop.AopAutoConfiguration$ClassProxyingConfiguration, forceAutoProxyCreatorToUseClassProxying, org.springframework.boot.autoconfigure.aop.AopAutoConfiguration, org.springframework.boot.autoconfigure.availability.ApplicationAvailabilityAutoConfiguration, applicationAvailability, org.springframework.boot.autoconfigure.jackson.JacksonAutoConfiguration$Jackson2ObjectMapperBuilderCustomizerConfiguration, standardJacksonObjectMapperBuilderCustomizer, spring.jackson-org.springframework.boot.autoconfigure.jackson.JacksonProperties, org.springframework.boot.autoconfigure.jackson.JacksonAutoConfiguration$JacksonObjectMapperBuilderConfiguration, jacksonObjectMapperBuilder, org.springframework.boot.autoconfigure.jackson.JacksonAutoConfiguration$ParameterNamesModuleConfiguration, parameterNamesModule, org.springframework.boot.autoconfigure.jackson.JacksonAutoConfiguration$JacksonObjectMapperConfiguration, jacksonObjectMapper, org.springframework.boot.autoconfigure.jackson.JacksonAutoConfiguration$JacksonMixinConfiguration, jsonMixinModuleEntries, jsonMixinModule, org.springframework.boot.autoconfigure.jackson.JacksonAutoConfiguration, jsonComponentModule, org.springframework.boot.autoconfigure.jdbc.DataSourceConfiguration$Hikari, dataSource, org.springframework.boot.autoconfigure.jdbc.DataSourceJmxConfiguration$Hikari, org.springframework.boot.autoconfigure.jdbc.DataSourceJmxConfiguration, org.springframework.boot.autoconfigure.jdbc.DataSourceAutoConfiguration$PooledDataSourceConfiguration, org.springframework.boot.autoconfigure.jdbc.metadata.DataSourcePoolMetadataProvidersConfiguration$HikariPoolDataSourceMetadataProviderConfiguration, hikariPoolDataSourceMetadataProvider, org.springframework.boot.autoconfigure.jdbc.metadata.DataSourcePoolMetadataProvidersConfiguration, org.springframework.boot.autoconfigure.jdbc.DataSourceAutoConfiguration, spring.datasource-org.springframework.boot.autoconfigure.jdbc.DataSourceProperties, org.springframework.boot.autoconfigure.context.ConfigurationPropertiesAutoConfiguration, org.springframework.boot.autoconfigure.context.LifecycleAutoConfiguration, lifecycleProcessor, spring.lifecycle-org.springframework.boot.autoconfigure.context.LifecycleProperties, org.springframework.boot.autoconfigure.dao.PersistenceExceptionTranslationAutoConfiguration, persistenceExceptionTranslationPostProcessor, org.springframework.boot.autoconfigure.http.HttpMessageConvertersAutoConfiguration$StringHttpMessageConverterConfiguration, stringHttpMessageConverter, org.springframework.boot.autoconfigure.http.JacksonHttpMessageConvertersConfiguration$MappingJackson2HttpMessageConverterConfiguration, mappingJackson2HttpMessageConverter, org.springframework.boot.autoconfigure.http.JacksonHttpMessageConvertersConfiguration, org.springframework.boot.autoconfigure.http.HttpMessageConvertersAutoConfiguration, messageConverters, org.springframework.boot.autoconfigure.info.ProjectInfoAutoConfiguration, spring.info-org.springframework.boot.autoconfigure.info.ProjectInfoProperties, org.springframework.boot.autoconfigure.jdbc.JdbcTemplateConfiguration, jdbcTemplate, org.springframework.boot.autoconfigure.jdbc.NamedParameterJdbcTemplateConfiguration, namedParameterJdbcTemplate, org.springframework.boot.autoconfigure.jdbc.JdbcTemplateAutoConfiguration, spring.jdbc-org.springframework.boot.autoconfigure.jdbc.JdbcProperties, org.springframework.boot.sql.init.dependency.DatabaseInitializationDependencyConfigurer$DependsOnDatabaseInitializationPostProcessor, org.springframework.boot.autoconfigure.sql.init.DataSourceInitializationConfiguration, dataSourceScriptDatabaseInitializer, org.springframework.boot.autoconfigure.sql.init.SqlInitializationAutoConfiguration, spring.sql.init-org.springframework.boot.autoconfigure.sql.init.SqlInitializationProperties, org.springframework.boot.autoconfigure.task.TaskSchedulingAutoConfiguration, taskSchedulerBuilder, spring.task.scheduling-org.springframework.boot.autoconfigure.task.TaskSchedulingProperties, org.springframework.boot.autoconfigure.thymeleaf.ThymeleafAutoConfiguration$ThymeleafWebMvcConfiguration$ThymeleafViewResolverConfiguration, thymeleafViewResolver, org.springframework.boot.autoconfigure.thymeleaf.ThymeleafAutoConfiguration$ThymeleafWebMvcConfiguration, org.springframework.boot.autoconfigure.thymeleaf.ThymeleafAutoConfiguration$DefaultTemplateResolverConfiguration, defaultTemplateResolver, org.springframework.boot.autoconfigure.thymeleaf.TemplateEngineConfigurations$DefaultTemplateEngineConfiguration, templateEngine, org.springframework.boot.autoconfigure.thymeleaf.ThymeleafAutoConfiguration, spring.thymeleaf-org.springframework.boot.autoconfigure.thymeleaf.ThymeleafProperties, org.springframework.boot.autoconfigure.jdbc.DataSourceTransactionManagerAutoConfiguration$JdbcTransactionManagerConfiguration, transactionManager, org.springframework.boot.autoconfigure.jdbc.DataSourceTransactionManagerAutoConfiguration, org.springframework.transaction.annotation.ProxyTransactionManagementConfiguration, org.springframework.transaction.config.internalTransactionAdvisor, transactionAttributeSource, transactionInterceptor, org.springframework.transaction.config.internalTransactionalEventListenerFactory, org.springframework.boot.autoconfigure.transaction.TransactionAutoConfiguration$EnableTransactionManagementConfiguration$CglibAutoProxyConfiguration, org.springframework.aop.config.internalAutoProxyCreator, org.springframework.boot.autoconfigure.transaction.TransactionAutoConfiguration$EnableTransactionManagementConfiguration, org.springframework.boot.autoconfigure.transaction.TransactionAutoConfiguration$TransactionTemplateConfiguration, transactionTemplate, org.springframework.boot.autoconfigure.transaction.TransactionAutoConfiguration, platformTransactionManagerCustomizers, spring.transaction-org.springframework.boot.autoconfigure.transaction.TransactionProperties, org.springframework.boot.autoconfigure.web.client.RestTemplateAutoConfiguration, restTemplateBuilderConfigurer, restTemplateBuilder, org.springframework.boot.autoconfigure.web.embedded.EmbeddedWebServerFactoryCustomizerAutoConfiguration$TomcatWebServerFactoryCustomizerConfiguration, tomcatWebServerFactoryCustomizer, org.springframework.boot.autoconfigure.web.embedded.EmbeddedWebServerFactoryCustomizerAutoConfiguration, org.springframework.boot.autoconfigure.web.servlet.HttpEncodingAutoConfiguration, characterEncodingFilter, localeCharsetMappingsCustomizer, org.springframework.boot.autoconfigure.web.servlet.MultipartAutoConfiguration, multipartConfigElement, multipartResolver, spring.servlet.multipart-org.springframework.boot.autoconfigure.web.servlet.MultipartProperties, org.springframework.boot.context.ContextIdApplicationContextInitializer$ContextId, autoConfigurationReport, springApplicationArguments, springBootBanner, springBootLoggingSystem, springBootLoggerGroups, springBootLoggingLifecycle, environment, systemProperties, systemEnvironment, applicationStartup, org.springframework.context.annotation.ConfigurationClassPostProcessor.importRegistry, applicationEventMulticaster, servletContext, contextParameters, contextAttributes, webServerGracefulShutdown, webServerStartStop]
	at org.springframework.beans.factory.support.DefaultListableBeanFactory.determinePrimaryCandidate(DefaultListableBeanFactory.java:1687)
	at org.springframework.beans.factory.support.DefaultListableBeanFactory.determineAutowireCandidate(DefaultListableBeanFactory.java:1647)
	at org.springframework.beans.factory.support.DefaultListableBeanFactory.doResolveDependency(DefaultListableBeanFactory.java:1380)
	at org.springframework.beans.factory.support.DefaultListableBeanFactory.resolveDependency(DefaultListableBeanFactory.java:1325)
	at org.springframework.beans.factory.support.ConstructorResolver.resolveAutowiredArgument(ConstructorResolver.java:885)
	at org.springframework.beans.factory.support.ConstructorResolver.createArgumentArray(ConstructorResolver.java:789)
	... 19 common frames omitted
